<?xml version="1.0" encoding="UTF-8"?>
<testsuite name="uz.acme.finance.service.TransactionServiceTest" tests="1" skipped="0" failures="0" errors="0" timestamp="2025-02-21T11:04:29" hostname="fedora" time="0.438">
  <properties/>
  <testcase name="testConcurrentBalanceUpdates()" classname="uz.acme.finance.service.TransactionServiceTest" time="0.438"/>
  <system-out><![CDATA[
  .   ____          _            __ _ _
 /\\ / ___'_ __ _ _(_)_ __  __ _ \ \ \ \
( ( )\___ | '_ | '_| | '_ \/ _` | \ \ \ \
 \\/  ___)| |_)| | | | | || (_| |  ) ) ) )
  '  |____| .__|_| |_|_| |_\__, | / / / /
 =========|_|==============|___/=/_/_/_/
 :: Spring Boot ::                (v3.1.2)

Hibernate: insert into acme_app.customer (balance,created_by,created_date,deleted_at,dob,first_name,gender_type,last_name,patronym,id) values (?,?,?,?,?,?,?,?,?,?)
Hibernate: select c1_0.id,c1_0.balance,c1_0.created_by,c1_0.created_date,c1_0.deleted_at,c1_0.dob,c1_0.first_name,c1_0.gender_type,c1_0.last_name,c1_0.patronym from acme_app.customer c1_0
Hibernate: select c1_0.id,c1_0.balance,c1_0.created_by,c1_0.created_date,c1_0.deleted_at,c1_0.dob,c1_0.first_name,c1_0.gender_type,c1_0.last_name,c1_0.patronym from acme_app.customer c1_0 where c1_0.id=? for no key update
Hibernate: select c1_0.id,c1_0.balance,c1_0.created_by,c1_0.created_date,c1_0.deleted_at,c1_0.dob,c1_0.first_name,c1_0.gender_type,c1_0.last_name,c1_0.patronym from acme_app.customer c1_0 where c1_0.id=? for no key update
Hibernate: select c1_0.id,c1_0.balance,c1_0.created_by,c1_0.created_date,c1_0.deleted_at,c1_0.dob,c1_0.first_name,c1_0.gender_type,c1_0.last_name,c1_0.patronym from acme_app.customer c1_0 where c1_0.id=? for no key update
Hibernate: select c1_0.id,c1_0.balance,c1_0.created_by,c1_0.created_date,c1_0.deleted_at,c1_0.dob,c1_0.first_name,c1_0.gender_type,c1_0.last_name,c1_0.patronym from acme_app.customer c1_0 where c1_0.id=? for no key update
Hibernate: select c1_0.id,c1_0.balance,c1_0.created_by,c1_0.created_date,c1_0.deleted_at,c1_0.dob,c1_0.first_name,c1_0.gender_type,c1_0.last_name,c1_0.patronym from acme_app.customer c1_0 where c1_0.id=? for no key update
Hibernate: select c1_0.id,c1_0.balance,c1_0.created_by,c1_0.created_date,c1_0.deleted_at,c1_0.dob,c1_0.first_name,c1_0.gender_type,c1_0.last_name,c1_0.patronym from acme_app.customer c1_0 where c1_0.id=? for no key update
Hibernate: select c1_0.id,c1_0.balance,c1_0.created_by,c1_0.created_date,c1_0.deleted_at,c1_0.dob,c1_0.first_name,c1_0.gender_type,c1_0.last_name,c1_0.patronym from acme_app.customer c1_0 where c1_0.id=? for no key update
Hibernate: select c1_0.id,c1_0.balance,c1_0.created_by,c1_0.created_date,c1_0.deleted_at,c1_0.dob,c1_0.first_name,c1_0.gender_type,c1_0.last_name,c1_0.patronym from acme_app.customer c1_0 where c1_0.id=? for no key update
Hibernate: select c1_0.id,c1_0.balance,c1_0.created_by,c1_0.created_date,c1_0.deleted_at,c1_0.dob,c1_0.first_name,c1_0.gender_type,c1_0.last_name,c1_0.patronym from acme_app.customer c1_0 where c1_0.id=? for no key update
Hibernate: select c1_0.id,c1_0.balance,c1_0.created_by,c1_0.created_date,c1_0.deleted_at,c1_0.dob,c1_0.first_name,c1_0.gender_type,c1_0.last_name,c1_0.patronym from acme_app.customer c1_0 where c1_0.id=? for no key update
Hibernate: insert into acme_app.transaction (amount,created_date,customer_id,transaction_status,id) values (?,?,?,?,?)
Hibernate: update acme_app.customer set balance=?,created_by=?,deleted_at=?,dob=?,first_name=?,gender_type=?,last_name=?,patronym=? where id=?
Hibernate: insert into acme_app.transaction (amount,created_date,customer_id,transaction_status,id) values (?,?,?,?,?)
Hibernate: update acme_app.customer set balance=?,created_by=?,deleted_at=?,dob=?,first_name=?,gender_type=?,last_name=?,patronym=? where id=?
Hibernate: select c1_0.id,c1_0.balance,c1_0.created_by,c1_0.created_date,c1_0.deleted_at,c1_0.dob,c1_0.first_name,c1_0.gender_type,c1_0.last_name,c1_0.patronym from acme_app.customer c1_0 where c1_0.id=? for no key update
Hibernate: insert into acme_app.transaction (amount,created_date,customer_id,transaction_status,id) values (?,?,?,?,?)
Hibernate: select c1_0.id,c1_0.balance,c1_0.created_by,c1_0.created_date,c1_0.deleted_at,c1_0.dob,c1_0.first_name,c1_0.gender_type,c1_0.last_name,c1_0.patronym from acme_app.customer c1_0 where c1_0.id=? for no key update
Hibernate: update acme_app.customer set balance=?,created_by=?,deleted_at=?,dob=?,first_name=?,gender_type=?,last_name=?,patronym=? where id=?
Hibernate: select c1_0.id,c1_0.balance,c1_0.created_by,c1_0.created_date,c1_0.deleted_at,c1_0.dob,c1_0.first_name,c1_0.gender_type,c1_0.last_name,c1_0.patronym from acme_app.customer c1_0 where c1_0.id=? for no key update
Hibernate: insert into acme_app.transaction (amount,created_date,customer_id,transaction_status,id) values (?,?,?,?,?)
Hibernate: update acme_app.customer set balance=?,created_by=?,deleted_at=?,dob=?,first_name=?,gender_type=?,last_name=?,patronym=? where id=?
Hibernate: insert into acme_app.transaction (amount,created_date,customer_id,transaction_status,id) values (?,?,?,?,?)
Hibernate: select c1_0.id,c1_0.balance,c1_0.created_by,c1_0.created_date,c1_0.deleted_at,c1_0.dob,c1_0.first_name,c1_0.gender_type,c1_0.last_name,c1_0.patronym from acme_app.customer c1_0 where c1_0.id=? for no key update
Hibernate: update acme_app.customer set balance=?,created_by=?,deleted_at=?,dob=?,first_name=?,gender_type=?,last_name=?,patronym=? where id=?
Hibernate: select c1_0.id,c1_0.balance,c1_0.created_by,c1_0.created_date,c1_0.deleted_at,c1_0.dob,c1_0.first_name,c1_0.gender_type,c1_0.last_name,c1_0.patronym from acme_app.customer c1_0 where c1_0.id=? for no key update
Hibernate: insert into acme_app.transaction (amount,created_date,customer_id,transaction_status,id) values (?,?,?,?,?)
Hibernate: update acme_app.customer set balance=?,created_by=?,deleted_at=?,dob=?,first_name=?,gender_type=?,last_name=?,patronym=? where id=?
Hibernate: insert into acme_app.transaction (amount,created_date,customer_id,transaction_status,id) values (?,?,?,?,?)
Hibernate: select c1_0.id,c1_0.balance,c1_0.created_by,c1_0.created_date,c1_0.deleted_at,c1_0.dob,c1_0.first_name,c1_0.gender_type,c1_0.last_name,c1_0.patronym from acme_app.customer c1_0 where c1_0.id=? for no key update
Hibernate: update acme_app.customer set balance=?,created_by=?,deleted_at=?,dob=?,first_name=?,gender_type=?,last_name=?,patronym=? where id=?
Hibernate: select c1_0.id,c1_0.balance,c1_0.created_by,c1_0.created_date,c1_0.deleted_at,c1_0.dob,c1_0.first_name,c1_0.gender_type,c1_0.last_name,c1_0.patronym from acme_app.customer c1_0 where c1_0.id=? for no key update
Hibernate: insert into acme_app.transaction (amount,created_date,customer_id,transaction_status,id) values (?,?,?,?,?)
Hibernate: update acme_app.customer set balance=?,created_by=?,deleted_at=?,dob=?,first_name=?,gender_type=?,last_name=?,patronym=? where id=?
Hibernate: select c1_0.id,c1_0.balance,c1_0.created_by,c1_0.created_date,c1_0.deleted_at,c1_0.dob,c1_0.first_name,c1_0.gender_type,c1_0.last_name,c1_0.patronym from acme_app.customer c1_0 where c1_0.id=? for no key update
Hibernate: insert into acme_app.transaction (amount,created_date,customer_id,transaction_status,id) values (?,?,?,?,?)
Hibernate: update acme_app.customer set balance=?,created_by=?,deleted_at=?,dob=?,first_name=?,gender_type=?,last_name=?,patronym=? where id=?
Hibernate: select c1_0.id,c1_0.balance,c1_0.created_by,c1_0.created_date,c1_0.deleted_at,c1_0.dob,c1_0.first_name,c1_0.gender_type,c1_0.last_name,c1_0.patronym from acme_app.customer c1_0 where c1_0.id=? for no key update
Hibernate: insert into acme_app.transaction (amount,created_date,customer_id,transaction_status,id) values (?,?,?,?,?)
Hibernate: update acme_app.customer set balance=?,created_by=?,deleted_at=?,dob=?,first_name=?,gender_type=?,last_name=?,patronym=? where id=?
Hibernate: insert into acme_app.transaction (amount,created_date,customer_id,transaction_status,id) values (?,?,?,?,?)
Hibernate: select c1_0.id,c1_0.balance,c1_0.created_by,c1_0.created_date,c1_0.deleted_at,c1_0.dob,c1_0.first_name,c1_0.gender_type,c1_0.last_name,c1_0.patronym from acme_app.customer c1_0 where c1_0.id=? for no key update
Hibernate: update acme_app.customer set balance=?,created_by=?,deleted_at=?,dob=?,first_name=?,gender_type=?,last_name=?,patronym=? where id=?
Hibernate: insert into acme_app.transaction (amount,created_date,customer_id,transaction_status,id) values (?,?,?,?,?)
Hibernate: select c1_0.id,c1_0.balance,c1_0.created_by,c1_0.created_date,c1_0.deleted_at,c1_0.dob,c1_0.first_name,c1_0.gender_type,c1_0.last_name,c1_0.patronym from acme_app.customer c1_0 where c1_0.id=? for no key update
Hibernate: update acme_app.customer set balance=?,created_by=?,deleted_at=?,dob=?,first_name=?,gender_type=?,last_name=?,patronym=? where id=?
Hibernate: select c1_0.id,c1_0.balance,c1_0.created_by,c1_0.created_date,c1_0.deleted_at,c1_0.dob,c1_0.first_name,c1_0.gender_type,c1_0.last_name,c1_0.patronym from acme_app.customer c1_0 where c1_0.id=? for no key update
Hibernate: insert into acme_app.transaction (amount,created_date,customer_id,transaction_status,id) values (?,?,?,?,?)
Hibernate: update acme_app.customer set balance=?,created_by=?,deleted_at=?,dob=?,first_name=?,gender_type=?,last_name=?,patronym=? where id=?
Hibernate: insert into acme_app.transaction (amount,created_date,customer_id,transaction_status,id) values (?,?,?,?,?)
Hibernate: select c1_0.id,c1_0.balance,c1_0.created_by,c1_0.created_date,c1_0.deleted_at,c1_0.dob,c1_0.first_name,c1_0.gender_type,c1_0.last_name,c1_0.patronym from acme_app.customer c1_0 where c1_0.id=? for no key update
Hibernate: update acme_app.customer set balance=?,created_by=?,deleted_at=?,dob=?,first_name=?,gender_type=?,last_name=?,patronym=? where id=?
Hibernate: insert into acme_app.transaction (amount,created_date,customer_id,transaction_status,id) values (?,?,?,?,?)
Hibernate: select c1_0.id,c1_0.balance,c1_0.created_by,c1_0.created_date,c1_0.deleted_at,c1_0.dob,c1_0.first_name,c1_0.gender_type,c1_0.last_name,c1_0.patronym from acme_app.customer c1_0 where c1_0.id=? for no key update
Hibernate: update acme_app.customer set balance=?,created_by=?,deleted_at=?,dob=?,first_name=?,gender_type=?,last_name=?,patronym=? where id=?
Hibernate: insert into acme_app.transaction (amount,created_date,customer_id,transaction_status,id) values (?,?,?,?,?)
Hibernate: select c1_0.id,c1_0.balance,c1_0.created_by,c1_0.created_date,c1_0.deleted_at,c1_0.dob,c1_0.first_name,c1_0.gender_type,c1_0.last_name,c1_0.patronym from acme_app.customer c1_0 where c1_0.id=? for no key update
Hibernate: update acme_app.customer set balance=?,created_by=?,deleted_at=?,dob=?,first_name=?,gender_type=?,last_name=?,patronym=? where id=?
Hibernate: select c1_0.id,c1_0.balance,c1_0.created_by,c1_0.created_date,c1_0.deleted_at,c1_0.dob,c1_0.first_name,c1_0.gender_type,c1_0.last_name,c1_0.patronym from acme_app.customer c1_0 where c1_0.id=? for no key update
Hibernate: insert into acme_app.transaction (amount,created_date,customer_id,transaction_status,id) values (?,?,?,?,?)
Hibernate: update acme_app.customer set balance=?,created_by=?,deleted_at=?,dob=?,first_name=?,gender_type=?,last_name=?,patronym=? where id=?
Hibernate: select c1_0.id,c1_0.balance,c1_0.created_by,c1_0.created_date,c1_0.deleted_at,c1_0.dob,c1_0.first_name,c1_0.gender_type,c1_0.last_name,c1_0.patronym from acme_app.customer c1_0 where c1_0.id=? for no key update
Hibernate: insert into acme_app.transaction (amount,created_date,customer_id,transaction_status,id) values (?,?,?,?,?)
Hibernate: update acme_app.customer set balance=?,created_by=?,deleted_at=?,dob=?,first_name=?,gender_type=?,last_name=?,patronym=? where id=?
Hibernate: select c1_0.id,c1_0.balance,c1_0.created_by,c1_0.created_date,c1_0.deleted_at,c1_0.dob,c1_0.first_name,c1_0.gender_type,c1_0.last_name,c1_0.patronym from acme_app.customer c1_0 where c1_0.id=? for no key update
Hibernate: insert into acme_app.transaction (amount,created_date,customer_id,transaction_status,id) values (?,?,?,?,?)
Hibernate: update acme_app.customer set balance=?,created_by=?,deleted_at=?,dob=?,first_name=?,gender_type=?,last_name=?,patronym=? where id=?
Hibernate: select c1_0.id,c1_0.balance,c1_0.created_by,c1_0.created_date,c1_0.deleted_at,c1_0.dob,c1_0.first_name,c1_0.gender_type,c1_0.last_name,c1_0.patronym from acme_app.customer c1_0 where c1_0.id=? for no key update
Hibernate: insert into acme_app.transaction (amount,created_date,customer_id,transaction_status,id) values (?,?,?,?,?)
Hibernate: update acme_app.customer set balance=?,created_by=?,deleted_at=?,dob=?,first_name=?,gender_type=?,last_name=?,patronym=? where id=?
Hibernate: select c1_0.id,c1_0.balance,c1_0.created_by,c1_0.created_date,c1_0.deleted_at,c1_0.dob,c1_0.first_name,c1_0.gender_type,c1_0.last_name,c1_0.patronym from acme_app.customer c1_0 where c1_0.id=? for no key update
Hibernate: insert into acme_app.transaction (amount,created_date,customer_id,transaction_status,id) values (?,?,?,?,?)
Hibernate: update acme_app.customer set balance=?,created_by=?,deleted_at=?,dob=?,first_name=?,gender_type=?,last_name=?,patronym=? where id=?
Hibernate: insert into acme_app.transaction (amount,created_date,customer_id,transaction_status,id) values (?,?,?,?,?)
Hibernate: select c1_0.id,c1_0.balance,c1_0.created_by,c1_0.created_date,c1_0.deleted_at,c1_0.dob,c1_0.first_name,c1_0.gender_type,c1_0.last_name,c1_0.patronym from acme_app.customer c1_0 where c1_0.id=? for no key update
Hibernate: update acme_app.customer set balance=?,created_by=?,deleted_at=?,dob=?,first_name=?,gender_type=?,last_name=?,patronym=? where id=?
Hibernate: select c1_0.id,c1_0.balance,c1_0.created_by,c1_0.created_date,c1_0.deleted_at,c1_0.dob,c1_0.first_name,c1_0.gender_type,c1_0.last_name,c1_0.patronym from acme_app.customer c1_0 where c1_0.id=? for no key update
Hibernate: insert into acme_app.transaction (amount,created_date,customer_id,transaction_status,id) values (?,?,?,?,?)
Hibernate: update acme_app.customer set balance=?,created_by=?,deleted_at=?,dob=?,first_name=?,gender_type=?,last_name=?,patronym=? where id=?
Hibernate: select c1_0.id,c1_0.balance,c1_0.created_by,c1_0.created_date,c1_0.deleted_at,c1_0.dob,c1_0.first_name,c1_0.gender_type,c1_0.last_name,c1_0.patronym from acme_app.customer c1_0 where c1_0.id=? for no key update
Hibernate: insert into acme_app.transaction (amount,created_date,customer_id,transaction_status,id) values (?,?,?,?,?)
Hibernate: update acme_app.customer set balance=?,created_by=?,deleted_at=?,dob=?,first_name=?,gender_type=?,last_name=?,patronym=? where id=?
Hibernate: insert into acme_app.transaction (amount,created_date,customer_id,transaction_status,id) values (?,?,?,?,?)
Hibernate: update acme_app.customer set balance=?,created_by=?,deleted_at=?,dob=?,first_name=?,gender_type=?,last_name=?,patronym=? where id=?
Hibernate: insert into acme_app.transaction (amount,created_date,customer_id,transaction_status,id) values (?,?,?,?,?)
Hibernate: update acme_app.customer set balance=?,created_by=?,deleted_at=?,dob=?,first_name=?,gender_type=?,last_name=?,patronym=? where id=?
Hibernate: insert into acme_app.transaction (amount,created_date,customer_id,transaction_status,id) values (?,?,?,?,?)
Hibernate: update acme_app.customer set balance=?,created_by=?,deleted_at=?,dob=?,first_name=?,gender_type=?,last_name=?,patronym=? where id=?
Hibernate: insert into acme_app.transaction (amount,created_date,customer_id,transaction_status,id) values (?,?,?,?,?)
Hibernate: update acme_app.customer set balance=?,created_by=?,deleted_at=?,dob=?,first_name=?,gender_type=?,last_name=?,patronym=? where id=?
Hibernate: insert into acme_app.transaction (amount,created_date,customer_id,transaction_status,id) values (?,?,?,?,?)
Hibernate: update acme_app.customer set balance=?,created_by=?,deleted_at=?,dob=?,first_name=?,gender_type=?,last_name=?,patronym=? where id=?
Hibernate: insert into acme_app.transaction (amount,created_date,customer_id,transaction_status,id) values (?,?,?,?,?)
Hibernate: update acme_app.customer set balance=?,created_by=?,deleted_at=?,dob=?,first_name=?,gender_type=?,last_name=?,patronym=? where id=?
Hibernate: insert into acme_app.transaction (amount,created_date,customer_id,transaction_status,id) values (?,?,?,?,?)
Hibernate: update acme_app.customer set balance=?,created_by=?,deleted_at=?,dob=?,first_name=?,gender_type=?,last_name=?,patronym=? where id=?
Hibernate: insert into acme_app.transaction (amount,created_date,customer_id,transaction_status,id) values (?,?,?,?,?)
Hibernate: update acme_app.customer set balance=?,created_by=?,deleted_at=?,dob=?,first_name=?,gender_type=?,last_name=?,patronym=? where id=?
Hibernate: insert into acme_app.transaction (amount,created_date,customer_id,transaction_status,id) values (?,?,?,?,?)
Hibernate: update acme_app.customer set balance=?,created_by=?,deleted_at=?,dob=?,first_name=?,gender_type=?,last_name=?,patronym=? where id=?
Hibernate: select c1_0.id,c1_0.balance,c1_0.created_by,c1_0.created_date,c1_0.deleted_at,c1_0.dob,c1_0.first_name,c1_0.gender_type,c1_0.last_name,c1_0.patronym from acme_app.customer c1_0 where c1_0.id=?
Hibernate: select c1_0.id,c1_0.balance,c1_0.created_by,c1_0.created_date,c1_0.deleted_at,c1_0.dob,c1_0.first_name,c1_0.gender_type,c1_0.last_name,c1_0.patronym from acme_app.customer c1_0 where c1_0.id=?
Hibernate: delete from acme_app.customer where id=?
]]></system-out>
  <system-err><![CDATA[SLF4J: No SLF4J providers were found.
SLF4J: Defaulting to no-operation (NOP) logger implementation
SLF4J: See https://www.slf4j.org/codes.html#noProviders for further details.
[2025-02-21 16:04:28.093] - 102815 INFO [Test worker] --- org.hibernate.jpa.internal.util.LogHelper: HHH000204: Processing PersistenceUnitInfo [name: default]
[2025-02-21 16:04:28.112] - 102815 INFO [Test worker] --- org.hibernate.Version: HHH000412: Hibernate ORM core version 6.2.6.Final
[2025-02-21 16:04:28.114] - 102815 INFO [Test worker] --- org.hibernate.cfg.Environment: HHH000406: Using bytecode reflection optimizer
[2025-02-21 16:04:28.154] - 102815 INFO [Test worker] --- org.hibernate.bytecode.internal.BytecodeProviderInitiator: HHH000021: Bytecode provider name : bytebuddy
[2025-02-21 16:04:28.358] - 102815 INFO [Test worker] --- org.hibernate.bytecode.internal.BytecodeProviderInitiator: HHH000021: Bytecode provider name : bytebuddy
[2025-02-21 16:04:28.567] - 102815 INFO [Test worker] --- org.hibernate.engine.transaction.jta.platform.internal.JtaPlatformInitiator: HHH000490: Using JtaPlatform implementation: [org.hibernate.engine.transaction.jta.platform.internal.NoJtaPlatform]
]]></system-err>
</testsuite>
